This is pdfTeX, Version 3.1415926-2.5-1.40.14 (TeX Live 2013/Debian) (format=pdflatex 2017.4.15)  24 APR 2017 02:39
entering extended mode
 restricted \write18 enabled.
 %&-line parsing enabled.
**mai.tex
(./mai.tex
LaTeX2e <2011/06/27>
Babel <3.9h> and hyphenation patterns for 78 languages loaded.
! Undefined control sequence.
l.1 \subsection
               *{Main.js}
The control sequence at the end of the top line
of your error message was never \def'ed. If you have
misspelled it (e.g., `\hobx'), type `I' and the correct
spelling (e.g., `I\hbox'). Otherwise just continue,
and I'll forget about whatever was undefined.


! LaTeX Error: Missing \begin{document}.

See the LaTeX manual or LaTeX Companion for explanation.
Type  H <return>  for immediate help.
 ...                                              
                                                  
l.1 \subsection*
                {Main.js}
You're in trouble here.  Try typing  <return>  to proceed.
If that doesn't work, type  X <return>  to quit.

Missing character: There is no * in font nullfont!
Missing character: There is no M in font nullfont!
Missing character: There is no a in font nullfont!
Missing character: There is no i in font nullfont!
Missing character: There is no n in font nullfont!
Missing character: There is no . in font nullfont!
Missing character: There is no j in font nullfont!
Missing character: There is no s in font nullfont!

Overfull \hbox (20.0pt too wide) in paragraph at lines 1--2
[] 
 []


Overfull \hbox (68.2494pt too wide) in paragraph at lines 99--99
[]\OT1/cmtt/m/n/10 (function() {[] 
 []


Overfull \hbox (83.99927pt too wide) in paragraph at lines 99--99
[]    \OT1/cmtt/m/n/10 var Message;[] 
 []


Overfull \hbox (152.24867pt too wide) in paragraph at lines 99--99
[]    \OT1/cmtt/m/n/10 Message = function(arg) {[] 
 []


Overfull \hbox (351.74693pt too wide) in paragraph at lines 99--99
[]        \OT1/cmtt/m/n/10 this.text = arg.text, this.message_side = arg.messag
e_side;[] 
 []


Overfull \hbox (194.2483pt too wide) in paragraph at lines 99--99
[]        \OT1/cmtt/m/n/10 this.draw = function(_this) {[] 
 []


Overfull \hbox (162.74858pt too wide) in paragraph at lines 99--99
[]            \OT1/cmtt/m/n/10 return function() {[] 
 []


Overfull \hbox (152.24867pt too wide) in paragraph at lines 99--99
[]                \OT1/cmtt/m/n/10 var $message;[] 
 []


Overfull \hbox (351.74693pt too wide) in paragraph at lines 99--99
[]                \OT1/cmtt/m/n/10 $message = $($('.message_template').clone().
html();[] 
 []


Overfull \hbox (446.24611pt too wide) in paragraph at lines 99--99
[]                \OT1/cmtt/m/n/10 $message.addClass(_this.message_side).find('
.text').html(_this.text);[] 
 []


Overfull \hbox (251.9978pt too wide) in paragraph at lines 99--99
[]                \OT1/cmtt/m/n/10 $('.messages').append($message);[] 
 []


Overfull \hbox (241.4979pt too wide) in paragraph at lines 99--99
[]                \OT1/cmtt/m/n/10 return setTimeout(function() {[] 
 []


Overfull \hbox (299.24739pt too wide) in paragraph at lines 99--99
[]                    \OT1/cmtt/m/n/10 return $message.addClass('appeared');[] 

 []


Overfull \hbox (115.499pt too wide) in paragraph at lines 99--99
[]                \OT1/cmtt/m/n/10 }, 0);[] 
 []


Overfull \hbox (73.49936pt too wide) in paragraph at lines 99--99
[]            \OT1/cmtt/m/n/10 };[] 
 []


Overfull \hbox (83.99927pt too wide) in paragraph at lines 99--99
[]        \OT1/cmtt/m/n/10 }(this);[] 
 []


Overfull \hbox (104.99908pt too wide) in paragraph at lines 99--99
[]        \OT1/cmtt/m/n/10 return this;[] 
 []


Overfull \hbox (31.49973pt too wide) in paragraph at lines 99--99
[]    \OT1/cmtt/m/n/10 };[] 
 []


Overfull \hbox (94.49918pt too wide) in paragraph at lines 99--99
[]    \OT1/cmtt/m/n/10 $(function() {[] 
 []


Overfull \hbox (110.24904pt too wide) in paragraph at lines 99--99
[]        \OT1/cmtt/m/n/10 var lastSend;[] 
 []


Overfull \hbox (215.24812pt too wide) in paragraph at lines 99--99
[]        \OT1/cmtt/m/n/10 var getMessageText, message_side;[] 
 []


Overfull \hbox (162.74858pt too wide) in paragraph at lines 99--99
[]        \OT1/cmtt/m/n/10 message_side = 'right';[] 
 []


Overfull \hbox (194.2483pt too wide) in paragraph at lines 99--99
[]        \OT1/cmtt/m/n/10 getMessageText = function() {[] 
 []


Overfull \hbox (162.74858pt too wide) in paragraph at lines 99--99
[]            \OT1/cmtt/m/n/10 var $message_input;[] 
 []


Overfull \hbox (257.24776pt too wide) in paragraph at lines 99--99
[]            \OT1/cmtt/m/n/10 $message_input = $('.message_input');[] 
 []


Overfull \hbox (209.99817pt too wide) in paragraph at lines 99--99
[]            \OT1/cmtt/m/n/10 return $message_input.val();[] 
 []


Overfull \hbox (52.49954pt too wide) in paragraph at lines 99--99
[]        \OT1/cmtt/m/n/10 };[] 
 []


Overfull \hbox (199.49826pt too wide) in paragraph at lines 99--99
[]        \OT1/cmtt/m/n/10 sendMessage = function(text) {[] 
 []


Overfull \hbox (183.7484pt too wide) in paragraph at lines 99--99
[]            \OT1/cmtt/m/n/10 var $messages, message;[] 
 []


Overfull \hbox (194.2483pt too wide) in paragraph at lines 99--99
[]            \OT1/cmtt/m/n/10 if (text.trim() === '') {[] 
 []


Overfull \hbox (120.74895pt too wide) in paragraph at lines 99--99
[]                \OT1/cmtt/m/n/10 return;[] 
 []


Overfull \hbox (68.2494pt too wide) in paragraph at lines 99--99
[]            \OT1/cmtt/m/n/10 }[] 
 []


Overfull \hbox (209.99817pt too wide) in paragraph at lines 99--99
[]            \OT1/cmtt/m/n/10 $('.message_input').val('');[] 
 []


Overfull \hbox (204.74821pt too wide) in paragraph at lines 99--99
[]            \OT1/cmtt/m/n/10 $messages = $('.messages');[] 
 []


Overfull \hbox (362.24684pt too wide) in paragraph at lines 99--99
[]            \OT1/cmtt/m/n/10 message_side = message_side === 'left' ? 'left' 
: 'left';[] 
 []


Overfull \hbox (183.7484pt too wide) in paragraph at lines 99--99
[]            \OT1/cmtt/m/n/10 message = new Message({[] 
 []


Overfull \hbox (141.74876pt too wide) in paragraph at lines 99--99
[]                \OT1/cmtt/m/n/10 text: text,[] 
 []


Overfull \hbox (220.49808pt too wide) in paragraph at lines 99--99
[]                \OT1/cmtt/m/n/10 message_side: message_side[] 
 []


Overfull \hbox (78.74931pt too wide) in paragraph at lines 99--99
[]            \OT1/cmtt/m/n/10 });[] 
 []


Overfull \hbox (141.74876pt too wide) in paragraph at lines 99--99
[]            \OT1/cmtt/m/n/10 message.draw();[] 
 []


Overfull \hbox (199.49826pt too wide) in paragraph at lines 99--99
[]            \OT1/cmtt/m/n/10 return $messages.animate({[] 
 []


Overfull \hbox (299.24739pt too wide) in paragraph at lines 99--99
[]                \OT1/cmtt/m/n/10 scrollTop: $messages.prop('scrollHeight')[] 

 []


Overfull \hbox (104.99908pt too wide) in paragraph at lines 99--99
[]            \OT1/cmtt/m/n/10 }, 300);[] 
 []


Overfull \hbox (52.49954pt too wide) in paragraph at lines 99--99
[]        \OT1/cmtt/m/n/10 };[] 
 []


Overfull \hbox (215.24812pt too wide) in paragraph at lines 99--99
[]        \OT1/cmtt/m/n/10 receiveMessage = function(text) {[] 
 []


Overfull \hbox (183.7484pt too wide) in paragraph at lines 99--99
[]            \OT1/cmtt/m/n/10 var $messages, message;[] 
 []


Overfull \hbox (194.2483pt too wide) in paragraph at lines 99--99
[]            \OT1/cmtt/m/n/10 if (text.trim() === '') {[] 
 []


Overfull \hbox (120.74895pt too wide) in paragraph at lines 99--99
[]                \OT1/cmtt/m/n/10 return;[] 
 []


Overfull \hbox (68.2494pt too wide) in paragraph at lines 99--99
[]            \OT1/cmtt/m/n/10 }[] 
 []


Overfull \hbox (209.99817pt too wide) in paragraph at lines 99--99
[]            \OT1/cmtt/m/n/10 $('.message_input').val('');[] 
 []


Overfull \hbox (204.74821pt too wide) in paragraph at lines 99--99
[]            \OT1/cmtt/m/n/10 $messages = $('.messages');[] 
 []


Overfull \hbox (377.9967pt too wide) in paragraph at lines 99--99
[]            \OT1/cmtt/m/n/10 message_side = message_side === 'right' ? 'right
' : 'right';[] 
 []


Overfull \hbox (183.7484pt too wide) in paragraph at lines 99--99
[]            \OT1/cmtt/m/n/10 message = new Message({[] 
 []


Overfull \hbox (141.74876pt too wide) in paragraph at lines 99--99
[]                \OT1/cmtt/m/n/10 text: text,[] 
 []


Overfull \hbox (220.49808pt too wide) in paragraph at lines 99--99
[]                \OT1/cmtt/m/n/10 message_side: message_side[] 
 []


Overfull \hbox (78.74931pt too wide) in paragraph at lines 99--99
[]            \OT1/cmtt/m/n/10 });[] 
 []


Overfull \hbox (141.74876pt too wide) in paragraph at lines 99--99
[]            \OT1/cmtt/m/n/10 message.draw();[] 
 []


Overfull \hbox (199.49826pt too wide) in paragraph at lines 99--99
[]            \OT1/cmtt/m/n/10 return $messages.animate({[] 
 []


Overfull \hbox (299.24739pt too wide) in paragraph at lines 99--99
[]                \OT1/cmtt/m/n/10 scrollTop: $messages.prop('scrollHeight')[] 

 []


Overfull \hbox (104.99908pt too wide) in paragraph at lines 99--99
[]            \OT1/cmtt/m/n/10 }, 300);[] 
 []


Overfull \hbox (52.49954pt too wide) in paragraph at lines 99--99
[]        \OT1/cmtt/m/n/10 };[] 
 []


Overfull \hbox (257.24776pt too wide) in paragraph at lines 99--99
[]        \OT1/cmtt/m/n/10 // $('.send_message').click(function(e) {[] 
 []


Overfull \hbox (272.99762pt too wide) in paragraph at lines 99--99
[]        \OT1/cmtt/m/n/10 //     lastSend = $('.message_input').val();[] 
 []


Overfull \hbox (288.74748pt too wide) in paragraph at lines 99--99
[]        \OT1/cmtt/m/n/10 //     return receiveMessage(getMessageText());[] 
 []


Overfull \hbox (73.49936pt too wide) in paragraph at lines 99--99
[]        \OT1/cmtt/m/n/10 // });[] 
 []


Overfull \hbox (246.74785pt too wide) in paragraph at lines 99--99
[]        \OT1/cmtt/m/n/10 $('.message_input').keyup(function(e) {[] 
 []


Overfull \hbox (257.24776pt too wide) in paragraph at lines 99--99
[]            \OT1/cmtt/m/n/10 lastSend = $('.message_input').val();[] 
 []


Overfull \hbox (173.24849pt too wide) in paragraph at lines 99--99
[]            \OT1/cmtt/m/n/10 if (e.which === 13) {[] 
 []


Overfull \hbox (209.99817pt too wide) in paragraph at lines 99--99
[]                 \OT1/cmtt/m/n/10 var user_data=lastSend;[] 
 []


Overfull \hbox (204.74821pt too wide) in paragraph at lines 99--99
[]                \OT1/cmtt/m/n/10 console.log(user_data);[] 
 []


Overfull \hbox (199.49826pt too wide) in paragraph at lines 99--99
[]                \OT1/cmtt/m/n/10 RequestAPI(user_data);[] 
 []


Overfull \hbox (293.99744pt too wide) in paragraph at lines 99--99
[]                \OT1/cmtt/m/n/10 return receiveMessage(getMessageText());[] 
 []


Overfull \hbox (68.2494pt too wide) in paragraph at lines 99--99
[]            \OT1/cmtt/m/n/10 }[] 
 []


Overfull \hbox (57.7495pt too wide) in paragraph at lines 99--99
[]        \OT1/cmtt/m/n/10 });[] 
 []


Overfull \hbox (335.99707pt too wide) in paragraph at lines 99--99
[]        \OT1/cmtt/m/n/10 sendMessage('Hello User! What would you like to know
?');[] 
 []


Overfull \hbox (251.9978pt too wide) in paragraph at lines 99--99
[]        \OT1/cmtt/m/n/10 $('#send_button').on('click',function(){[] 
 []


Overfull \hbox (183.7484pt too wide) in paragraph at lines 99--99
[]            \OT1/cmtt/m/n/10 var user_data=lastSend;[] 
 []


Overfull \hbox (183.7484pt too wide) in paragraph at lines 99--99
[]            \OT1/cmtt/m/n/10 console.log(user_data);[] 
 []


Overfull \hbox (178.49844pt too wide) in paragraph at lines 99--99
[]            \OT1/cmtt/m/n/10 RequestAPI(user_data);[] 
 []


Overfull \hbox (57.7495pt too wide) in paragraph at lines 99--99
[]        \OT1/cmtt/m/n/10 });[] 
 []


Overfull \hbox (36.74968pt too wide) in paragraph at lines 99--99
[]    \OT1/cmtt/m/n/10 });[] 
 []


Overfull \hbox (68.2494pt too wide) in paragraph at lines 99--99
[]\OT1/cmtt/m/n/10 }.call(this))[] 
 []


Overfull \hbox (178.49844pt too wide) in paragraph at lines 99--99
[]\OT1/cmtt/m/n/10 function RequestAPI(request_data){[] 
 []


Overfull \hbox (356.99689pt too wide) in paragraph at lines 99--99
[]    \OT1/cmtt/m/n/10 myURL = 'https://auro-api.herokuapp.com/api/?q=' + reque
st_data;[] 
 []


Overfull \hbox (115.499pt too wide) in paragraph at lines 99--99
[]        \OT1/cmtt/m/n/10 var api_reply;[] 
 []


Overfull \hbox (241.4979pt too wide) in paragraph at lines 99--99
[]        \OT1/cmtt/m/n/10 var ourRequest = new XMLHttpRequest();[] 
 []


Overfull \hbox (199.49826pt too wide) in paragraph at lines 99--99
[]        \OT1/cmtt/m/n/10 ourRequest.open('GET', myURL);[] 
 []


Overfull \hbox (257.24776pt too wide) in paragraph at lines 99--99
[]        \OT1/cmtt/m/n/10 ourRequest.onreadystatechange=function(){[] 
 []


Overfull \hbox (288.74748pt too wide) in paragraph at lines 99--99
[]            \OT1/cmtt/m/n/10 if(this.readyState==4 && this.status==200){[] 
 []


Overfull \hbox (230.99799pt too wide) in paragraph at lines 99--99
[]                \OT1/cmtt/m/n/10 api_reply=this.responseText;[] 
 []


Overfull \hbox (220.49808pt too wide) in paragraph at lines 99--99
[]                \OT1/cmtt/m/n/10 // console.log(api_reply);[] 
 []


Overfull \hbox (204.74821pt too wide) in paragraph at lines 99--99
[]                \OT1/cmtt/m/n/10 sendMessage(api_reply);[] 
 []


Overfull \hbox (68.2494pt too wide) in paragraph at lines 99--99
[]            \OT1/cmtt/m/n/10 }[] 
 []


Overfull \hbox (47.24959pt too wide) in paragraph at lines 99--99
[]        \OT1/cmtt/m/n/10 }[] 
 []


Overfull \hbox (230.99799pt too wide) in paragraph at lines 99--99
[]        \OT1/cmtt/m/n/10 ourRequest.open('GET', myURL, true);[] 
 []


Overfull \hbox (136.49881pt too wide) in paragraph at lines 99--99
[]        \OT1/cmtt/m/n/10 ourRequest.send();[] 
 []


Overfull \hbox (5.24995pt too wide) in paragraph at lines 99--99
[]\OT1/cmtt/m/n/10 }[] 
 []

)
! Emergency stop.
<*> mai.tex
           
*** (job aborted, no legal \end found)

 
Here is how much of TeX's memory you used:
 8 strings out of 493304
 142 string characters out of 6139871
 68029 words of memory out of 5000000
 3566 multiletter control sequences out of 15000+600000
 3808 words of font info for 15 fonts, out of 8000000 for 9000
 957 hyphenation exceptions out of 8191
 18i,1n,14p,95b,156s stack positions out of 5000i,500n,10000p,200000b,80000s
!  ==> Fatal error occurred, no output PDF file produced!
